<?xml version="1.0" encoding="UTF-8"?>
<testng-results ignored="0" total="1" passed="1" failed="0" skipped="0">
  <reporter-output>
  </reporter-output>
  <suite started-at="2022-05-26T18:44:17Z" name="Default suite" finished-at="2022-05-26T18:44:24Z" duration-ms="6532">
    <groups>
    </groups>
    <test started-at="2022-05-26T18:44:17Z" name="Default test" finished-at="2022-05-26T18:44:24Z" duration-ms="6532">
      <class name="Core.Base_setup">
        <test-method is-config="true" signature="setup()[pri:0, instance:Core.Base_setup@64b0598]" started-at="2022-05-27T00:14:17Z" name="setup" finished-at="2022-05-27T00:14:22Z" duration-ms="5002" status="PASS">
          <reporter-output>
          </reporter-output>
        </test-method> <!-- setup -->
        <test-method signature="TC_Login_to_the_site()[pri:0, instance:Core.Base_setup@64b0598]" started-at="2022-05-27T00:14:22Z" name="TC_Login_to_the_site" finished-at="2022-05-27T00:14:23Z" duration-ms="1463" status="PASS">
          <reporter-output>
          </reporter-output>
        </test-method> <!-- TC_Login_to_the_site -->
      </class> <!-- Core.Base_setup -->
    </test> <!-- Default test -->
  </suite> <!-- Default suite -->
</testng-results>
